16:23:03 [INFO] === NEWWAY Gmail+Hotmail — 7 luồng — 7 workers ===
16:23:03 [INFO] [W-1] Chờ token cho [Đăng Ký]...
16:23:03 [INFO] [W-1] Chờ token cho [Đăng Nhập]...
16:23:03 [INFO] [W-3] Chờ token cho [Đăng Ký]...
16:23:03 [INFO] [W-2] Chờ token cho [Đăng Ký]...
16:23:03 [INFO] [W-5] Chờ token cho [Đăng Nhập]...
16:23:03 [INFO] [W-2] Chờ token cho [Đăng Nhập]...
16:23:03 [INFO] [W-4] Chờ token cho [Đăng Nhập]...
16:23:03 [INFO] [W-6] Chờ token cho [Đăng Ký]...
16:23:04 [INFO] [W-6] Chờ token cho [Đăng Nhập]...
16:23:03 [INFO] [W-4] Chờ token cho [Đăng Ký]...
16:23:03 [INFO] [W-5] Chờ token cho [Đăng Ký]...
16:23:03 [INFO] [W-3] Chờ token cho [Đăng Nhập]...
16:23:04 [INFO] [W-7] Chờ token cho [Đăng Ký]...
16:23:04 [INFO] [W-7] Chờ token cho [Đăng Nhập]...
16:23:15 [INFO] [W-7] [v] Có token cho [Đăng Nhập]!
16:23:15 [INFO] [W-3] [v] Có token cho [Đăng Nhập]!
16:23:18 [INFO] [W-4] [v] Có token cho [Đăng Nhập]!
16:23:22 [INFO] [W-5] [v] Có token cho [Đăng Nhập]!
16:23:22 [INFO] [W-7] [v] Có token cho [Đăng Ký]!
16:23:22 [INFO] [W-7] 📧 Email: trieut.ran0.2.8.181+526@gmail.com → Hotmail: bakeralbert9147oz@hotmail.com
16:23:22 [INFO] [W-7] 0. Lấy baseline Hotmail...
16:23:23 [INFO] [W-7] 1. Đăng ký với trieut.ran0.2.8.181+526@gmail.com
16:23:26 [INFO] [W-2] [v] Có token cho [Đăng Nhập]!
16:23:26 [DEBUG] [W-7] POST /register → 200 | resp=0:["$@1",["8XKd3MQ3ywFpgbVSwJZUc",null]]
1:{"error":"","success":"Tài khoản đã được tạo. Nếu hệ thống yêu cầu xác nhận email, vui lòng kiểm tra hộp thư trước khi đăng nhập."}

16:23:26 [INFO] [W-7] [v] Đăng ký thành công!
16:23:26 [INFO] [W-7] 2. Chờ email kích hoạt từ Hotmail (forward từ Gmail)...
16:23:26 [INFO] [W-7]   Hotmail: bakeralbert9147oz@hotmail.com | Baseline date: 08:11 - 03/05/2026 (70 urls)
16:23:29 [INFO] [W-2] [v] Có token cho [Đăng Ký]!
16:23:29 [INFO] [W-2] 📧 Email: t.r.ieusamlivn.3+478@gmail.com → Hotmail: kturner1396hhcg@hotmail.com
16:23:29 [INFO] [W-2] 0. Lấy baseline Hotmail...
16:23:29 [INFO] [W-7]   [3s/21s] Poll bakeralbert9147oz@hotmail.com...
16:23:29 [INFO] [W-6] [v] Có token cho [Đăng Ký]!
16:23:30 [INFO] [W-7]   Chưa có email mới (API: 10 msgs), chờ tiếp...
16:23:30 [INFO] [W-2] 1. Đăng ký với t.r.ieusamlivn.3+478@gmail.com
16:23:33 [DEBUG] [W-2] POST /register → 200 | resp=0:["$@1",["8XKd3MQ3ywFpgbVSwJZUc",null]]
1:{"error":"","success":"Tài khoản đã được tạo. Nếu hệ thống yêu cầu xác nhận email, vui lòng kiểm tra hộp thư trước khi đăng nhập."}

16:23:33 [INFO] [W-2] [v] Đăng ký thành công!
16:23:33 [INFO] [W-2] 2. Chờ email kích hoạt từ Hotmail (forward từ Gmail)...
16:23:33 [INFO] [W-2]   Hotmail: kturner1396hhcg@hotmail.com | Baseline date: 08:11 - 03/05/2026 (70 urls)
16:23:33 [INFO] [W-7]   [6s/21s] Poll bakeralbert9147oz@hotmail.com...
16:23:34 [INFO] [W-4] [v] Có token cho [Đăng Ký]!
16:23:34 [INFO] [W-4] 📧 Email: cha.uba.yb.e2k+941@gmail.com → Hotmail: randerson2144fos@hotmail.com
16:23:34 [INFO] [W-4] 0. Lấy baseline Hotmail...
16:23:34 [INFO] [W-1] [v] Có token cho [Đăng Nhập]!
16:23:34 [INFO] [W-7]   Có 1 email mới, tìm link xác nhận...
16:23:35 [INFO] [W-4] 1. Đăng ký với cha.uba.yb.e2k+941@gmail.com
16:23:36 [INFO] [W-2]   [3s/21s] Poll kturner1396hhcg@hotmail.com...
16:23:37 [INFO] [W-2]   Chưa có email mới (API: 10 msgs), chờ tiếp...
16:23:37 [DEBUG] [W-4] POST /register → 200 | resp=0:["$@1",["8XKd3MQ3ywFpgbVSwJZUc",null]]
1:{"error":"","success":"Tài khoản đã được tạo. Nếu hệ thống yêu cầu xác nhận email, vui lòng kiểm tra hộp thư trước khi đăng nhập."}

16:23:37 [INFO] [W-4] [v] Đăng ký thành công!
16:23:37 [INFO] [W-4] 2. Chờ email kích hoạt từ Hotmail (forward từ Gmail)...
16:23:37 [INFO] [W-4]   Hotmail: randerson2144fos@hotmail.com | Baseline date: 10:30 - 03/05/2026 (49 urls)
16:23:39 [INFO] [W-7] [v] Link kích hoạt: https://baseapi.elle.vn/auth/email-confirmation?confirmation=f3ddfd0845ea69262c4e3645fcc57571105a9397
16:23:39 [INFO] [W-7] 3. Kích hoạt tài khoản...
16:23:40 [INFO] [W-2]   [6s/21s] Poll kturner1396hhcg@hotmail.com...
16:23:40 [INFO] [W-4]   [3s/21s] Poll randerson2144fos@hotmail.com...
16:23:40 [INFO] [W-7] [v] Kích hoạt thành công!
16:23:41 [INFO] [W-2]   Chưa có email mới (API: 10 msgs), chờ tiếp...
16:23:41 [INFO] [W-4]   Chưa có email mới (API: 10 msgs), chờ tiếp...
16:23:41 [INFO] [W-7] 4. Đăng nhập trieut.ran0.2.8.181+526@gmail.com...
16:23:43 [INFO] [W-7] [v] Đăng nhập thành công! vote_sid: 40cf9af0-3a2c-4f...
16:23:43 [INFO] [W-7] [v] Lấy SID thành công (Bỏ qua Vote)!
16:23:43 [INFO] [W-7] [v] Đã lưu tài khoản lên Supabase!
16:23:43 [INFO] [W-7] Chờ token cho [Đăng Ký]...
16:23:43 [INFO] [W-7] Chờ token cho [Đăng Nhập]...
16:23:44 [INFO] [W-2]   [9s/21s] Poll kturner1396hhcg@hotmail.com...
16:23:44 [INFO] [W-4]   [6s/21s] Poll randerson2144fos@hotmail.com...
16:23:45 [INFO] [W-2]   Có 1 email mới, tìm link xác nhận...
16:23:45 [INFO] [W-4]   Có 1 email mới, tìm link xác nhận...
16:23:47 [INFO] [W-7] [v] Có token cho [Đăng Nhập]!
16:23:48 [INFO] [W-2] [v] Link kích hoạt: https://baseapi.elle.vn/auth/email-confirmation?confirmation=03af590c964db5d8cd47de9519ac096f9d675dfd
16:23:48 [INFO] [W-2] 3. Kích hoạt tài khoản...
16:23:50 [INFO] [W-2] [v] Kích hoạt thành công!
16:23:51 [INFO] [W-2] 4. Đăng nhập t.r.ieusamlivn.3+478@gmail.com...
16:23:52 [INFO] [W-4] [v] Link kích hoạt: https://baseapi.elle.vn/auth/email-confirmation?confirmation=358a3532bcd288a4b564f118b99f957d8c291a69
16:23:52 [INFO] [W-4] 3. Kích hoạt tài khoản...
16:23:52 [INFO] [W-2] [v] Đăng nhập thành công! vote_sid: 14af328d-bb4c-46...
16:23:52 [INFO] [W-2] [v] Lấy SID thành công (Bỏ qua Vote)!
16:23:53 [INFO] [W-2] [v] Đã lưu tài khoản lên Supabase!
16:23:53 [INFO] [W-2] Chờ token cho [Đăng Ký]...
16:23:53 [INFO] [W-2] Chờ token cho [Đăng Nhập]...
16:23:53 [INFO] [W-2] [v] Có token cho [Đăng Ký]!
16:23:53 [INFO] [W-2] [v] Có token cho [Đăng Nhập]!
16:23:53 [INFO] [W-2] 📧 Email: trieusa.mliv.n3+328@gmail.com → Hotmail: kturner1396hhcg@hotmail.com
16:23:53 [INFO] [W-2] 0. Lấy baseline Hotmail...
16:23:54 [INFO] [W-4] [v] Kích hoạt thành công!
16:23:54 [INFO] [W-7] [v] Có token cho [Đăng Ký]!
16:23:54 [INFO] [W-7] 📧 Email: t.rieutran028181+84@gmail.com → Hotmail: bakeralbert9147oz@hotmail.com
16:23:54 [INFO] [W-7] 0. Lấy baseline Hotmail...
16:23:54 [INFO] [W-2] 1. Đăng ký với trieusa.mliv.n3+328@gmail.com
16:23:55 [INFO] [W-4] 4. Đăng nhập cha.uba.yb.e2k+941@gmail.com...
16:23:55 [INFO] [W-7] 1. Đăng ký với t.rieutran028181+84@gmail.com
16:23:56 [INFO] [W-4] [v] Đăng nhập thành công! vote_sid: 36d14ddc-46bd-43...
16:23:56 [INFO] [W-4] [v] Lấy SID thành công (Bỏ qua Vote)!
16:23:56 [INFO] [W-4] [v] Đã lưu tài khoản lên Supabase!
16:23:56 [INFO] [W-4] Chờ token cho [Đăng Ký]...
16:23:56 [INFO] [W-4] Chờ token cho [Đăng Nhập]...
16:23:57 [DEBUG] [W-2] POST /register → 200 | resp=0:["$@1",["8XKd3MQ3ywFpgbVSwJZUc",null]]
1:{"error":"","success":"Tài khoản đã được tạo. Nếu hệ thống yêu cầu xác nhận email, vui lòng kiểm tra hộp thư trước khi đăng nhập."}

16:23:57 [INFO] [W-2] [v] Đăng ký thành công!
16:23:57 [INFO] [W-2] 2. Chờ email kích hoạt từ Hotmail (forward từ Gmail)...
16:23:57 [INFO] [W-2]   Hotmail: kturner1396hhcg@hotmail.com | Baseline date: 16:23 - 03/05/2026 (70 urls)
16:23:58 [DEBUG] [W-7] POST /register → 200 | resp=0:["$@1",["8XKd3MQ3ywFpgbVSwJZUc",null]]
1:{"error":"","success":"Tài khoản đã được tạo. Nếu hệ thống yêu cầu xác nhận email, vui lòng kiểm tra hộp thư trước khi đăng nhập."}

16:23:58 [INFO] [W-7] [v] Đăng ký thành công!
16:23:58 [INFO] [W-7] 2. Chờ email kích hoạt từ Hotmail (forward từ Gmail)...
16:23:58 [INFO] [W-7]   Hotmail: bakeralbert9147oz@hotmail.com | Baseline date: 16:23 - 03/05/2026 (70 urls)
16:24:00 [INFO] [W-2]   [3s/21s] Poll kturner1396hhcg@hotmail.com...
16:24:00 [INFO] [W-4] [v] Có token cho [Đăng Nhập]!
16:24:01 [INFO] [W-2]   Chưa có email mới (API: 10 msgs), chờ tiếp...
16:24:01 [INFO] [W-7]   [3s/21s] Poll bakeralbert9147oz@hotmail.com...
16:24:02 [INFO] [W-7]   Chưa có email mới (API: 10 msgs), chờ tiếp...
16:24:04 [INFO] [W-2]   [6s/21s] Poll kturner1396hhcg@hotmail.com...
16:24:05 [INFO] [W-2]   Chưa có email mới (API: 10 msgs), chờ tiếp...
16:24:05 [INFO] [W-7]   [6s/21s] Poll bakeralbert9147oz@hotmail.com...
16:24:06 [INFO] [W-7]   Có 1 email mới, tìm link xác nhận...
16:24:07 [INFO] [W-4] [v] Có token cho [Đăng Ký]!
16:24:07 [INFO] [W-4] 📧 Email: chaubayb.e2k+520@gmail.com → Hotmail: randerson2144fos@hotmail.com
16:24:07 [INFO] [W-4] 0. Lấy baseline Hotmail...
16:24:08 [INFO] [W-2]   [9s/21s] Poll kturner1396hhcg@hotmail.com...
16:24:08 [INFO] [W-4] 1. Đăng ký với chaubayb.e2k+520@gmail.com
16:24:08 [INFO] [W-7] [v] Link kích hoạt: https://baseapi.elle.vn/auth/email-confirmation?confirmation=417fd08bb671ba11b84c50e5d43210493e8f1198
16:24:08 [INFO] [W-7] 3. Kích hoạt tài khoản...
16:24:09 [INFO] [W-2]   Có 1 email mới, tìm link xác nhận...
16:24:09 [DEBUG] [W-4] POST /register → 200 | resp=0:["$@1",["8XKd3MQ3ywFpgbVSwJZUc",null]]
1:{"error":"Email hoặc tên đăng nhập này đã được sử dụng. Vui lòng thử thông tin khác.","success":""}

16:24:09 [ERROR] [W-4] [-] Đăng ký thất bại: Email hoặc tên đăng nhập này đã được sử dụng. Vui lòng thử thông tin khác.
16:24:09 [INFO] [W-4] Chờ token cho [Đăng Ký]...
16:24:09 [INFO] [W-4] Chờ token cho [Đăng Nhập]...
16:24:10 [INFO] [W-7] [v] Kích hoạt thành công!
16:24:11 [INFO] [W-2] [v] Link kích hoạt: https://baseapi.elle.vn/auth/email-confirmation?confirmation=f9c37562bd58595b8fb48c813433714c7099c543
16:24:11 [INFO] [W-2] 3. Kích hoạt tài khoản...
16:24:11 [INFO] [W-7] 4. Đăng nhập t.rieutran028181+84@gmail.com...
16:24:11 [INFO] [W-5] [v] Có token cho [Đăng Ký]!
16:24:11 [INFO] [W-5] 📧 Email: trie.usa.ml.ivn2+237@gmail.com → Hotmail: longalbert4044xh@hotmail.com
16:24:11 [INFO] [W-5] 0. Lấy baseline Hotmail...
16:24:12 [INFO] [W-2] [v] Kích hoạt thành công!
16:24:12 [INFO] [W-3] [v] Có token cho [Đăng Ký]!
16:24:12 [INFO] [W-6] [v] Có token cho [Đăng Nhập]!
16:24:12 [INFO] [W-3] 📧 Email: k.o.ngminhk.in.h0+237@gmail.com → Hotmail: obmurphy8433qaty@hotmail.com
16:24:12 [INFO] [W-3] 0. Lấy baseline Hotmail...
16:24:12 [INFO] [W-6] 📧 Email: trieutran8.27261+673@gmail.com → Hotmail: ashleycooper9194aleo@hotmail.com
16:24:12 [INFO] [W-6] 0. Lấy baseline Hotmail...
16:24:13 [INFO] [W-5] 1. Đăng ký với trie.usa.ml.ivn2+237@gmail.com
16:24:13 [INFO] [W-2] 4. Đăng nhập trieusa.mliv.n3+328@gmail.com...
16:24:13 [INFO] [W-7] [v] Đăng nhập thành công! vote_sid: 406900b1-cdfc-45...
16:24:13 [INFO] [W-7] [v] Lấy SID thành công (Bỏ qua Vote)!
16:24:14 [INFO] [W-7] [v] Đã lưu tài khoản lên Supabase!
16:24:14 [INFO] [W-3] 1. Đăng ký với k.o.ngminhk.in.h0+237@gmail.com
16:24:14 [INFO] [W-7] Chờ token cho [Đăng Ký]...
16:24:14 [INFO] [W-7] Chờ token cho [Đăng Nhập]...
16:24:14 [INFO] [W-6] 1. Đăng ký với trieutran8.27261+673@gmail.com
16:24:16 [DEBUG] [W-5] POST /register → 200 | resp=0:["$@1",["8XKd3MQ3ywFpgbVSwJZUc",null]]
1:{"error":"","success":"Tài khoản đã được tạo. Nếu hệ thống yêu cầu xác nhận email, vui lòng kiểm tra hộp thư trước khi đăng nhập."}

16:24:16 [INFO] [W-5] [v] Đăng ký thành công!
16:24:16 [INFO] [W-5] 2. Chờ email kích hoạt từ Hotmail (forward từ Gmail)...
16:24:16 [INFO] [W-5]   Hotmail: longalbert4044xh@hotmail.com | Baseline date: 13:35 - 03/05/2026 (49 urls)
16:24:16 [INFO] [W-2] [v] Đăng nhập thành công! vote_sid: 7db0bebb-97fb-42...
16:24:16 [INFO] [W-2] [v] Lấy SID thành công (Bỏ qua Vote)!
16:24:17 [INFO] [W-2] [v] Đã lưu tài khoản lên Supabase!
16:24:17 [INFO] [W-2] Chờ token cho [Đăng Ký]...
16:24:17 [INFO] [W-2] Chờ token cho [Đăng Nhập]...
16:24:17 [DEBUG] [W-3] POST /register → 200 | resp=0:["$@1",["8XKd3MQ3ywFpgbVSwJZUc",null]]
1:{"error":"","success":"Tài khoản đã được tạo. Nếu hệ thống yêu cầu xác nhận email, vui lòng kiểm tra hộp thư trước khi đăng nhập."}

16:24:17 [INFO] [W-3] [v] Đăng ký thành công!
16:24:17 [INFO] [W-3] 2. Chờ email kích hoạt từ Hotmail (forward từ Gmail)...
16:24:17 [INFO] [W-3]   Hotmail: obmurphy8433qaty@hotmail.com | Baseline date: 08:10 - 03/05/2026 (70 urls)
16:24:18 [DEBUG] [W-6] POST /register → 200 | resp=0:["$@1",["8XKd3MQ3ywFpgbVSwJZUc",null]]
1:{"error":"","success":"Tài khoản đã được tạo. Nếu hệ thống yêu cầu xác nhận email, vui lòng kiểm tra hộp thư trước khi đăng nhập."}

16:24:18 [INFO] [W-6] [v] Đăng ký thành công!
16:24:18 [INFO] [W-6] 2. Chờ email kích hoạt từ Hotmail (forward từ Gmail)...
16:24:18 [INFO] [W-6]   Hotmail: ashleycooper9194aleo@hotmail.com | Baseline date: 08:11 - 03/05/2026 (70 urls)
16:24:19 [INFO] [W-5]   [3s/21s] Poll longalbert4044xh@hotmail.com...
16:24:20 [INFO] [W-1] [v] Có token cho [Đăng Ký]!
16:24:20 [INFO] [W-1] 📧 Email: t.rieusa.mli.v.n+832@gmail.com → Hotmail: jgramirez9604ls@hotmail.com
16:24:20 [INFO] [W-1] 0. Lấy baseline Hotmail...
16:24:20 [INFO] [W-4] [v] Có token cho [Đăng Ký]!
16:24:20 [INFO] [W-5]   Chưa có email mới (API: 10 msgs), chờ tiếp...
16:24:20 [INFO] [W-3]   [3s/21s] Poll obmurphy8433qaty@hotmail.com...
16:24:21 [INFO] [W-1] 1. Đăng ký với t.rieusa.mli.v.n+832@gmail.com
16:24:21 [INFO] [W-6]   [3s/21s] Poll ashleycooper9194aleo@hotmail.com...
16:24:21 [INFO] [W-3]   Chưa có email mới (API: 10 msgs), chờ tiếp...
16:24:22 [INFO] [W-6]   Chưa có email mới (API: 10 msgs), chờ tiếp...
16:24:23 [INFO] [W-5]   [6s/21s] Poll longalbert4044xh@hotmail.com...
16:24:23 [DEBUG] [W-1] POST /register → 200 | resp=0:["$@1",["8XKd3MQ3ywFpgbVSwJZUc",null]]
1:{"error":"","success":"Tài khoản đã được tạo. Nếu hệ thống yêu cầu xác nhận email, vui lòng kiểm tra hộp thư trước khi đăng nhập."}

16:24:23 [INFO] [W-1] [v] Đăng ký thành công!
16:24:23 [INFO] [W-1] 2. Chờ email kích hoạt từ Hotmail (forward từ Gmail)...
16:24:23 [INFO] [W-1]   Hotmail: jgramirez9604ls@hotmail.com | Baseline date: 11:26 - 03/05/2026 (49 urls)
16:24:23 [INFO] [W-4] [v] Có token cho [Đăng Nhập]!
16:24:23 [INFO] [W-4] 📧 Email: ch.aub.a.ybe2.k+934@gmail.com → Hotmail: randerson2144fos@hotmail.com
16:24:23 [INFO] [W-4] 0. Lấy baseline Hotmail...
16:24:24 [INFO] [W-5]   Chưa có email mới (API: 10 msgs), chờ tiếp...
16:24:24 [INFO] [W-3]   [6s/21s] Poll obmurphy8433qaty@hotmail.com...
16:24:24 [INFO] [W-4] 1. Đăng ký với ch.aub.a.ybe2.k+934@gmail.com
16:24:25 [INFO] [W-6]   [6s/21s] Poll ashleycooper9194aleo@hotmail.com...
16:24:26 [INFO] [W-3]   Có 1 email mới, tìm link xác nhận...
16:24:26 [INFO] [W-1]   [3s/21s] Poll jgramirez9604ls@hotmail.com...
16:24:26 [INFO] [W-6]   Chưa có email mới (API: 10 msgs), chờ tiếp...
16:24:27 [INFO] [W-2] [v] Có token cho [Đăng Ký]!
16:24:27 [DEBUG] [W-4] POST /register → 200 | resp=0:["$@1",["8XKd3MQ3ywFpgbVSwJZUc",null]]
1:{"error":"","success":"Tài khoản đã được tạo. Nếu hệ thống yêu cầu xác nhận email, vui lòng kiểm tra hộp thư trước khi đăng nhập."}

16:24:27 [INFO] [W-4] [v] Đăng ký thành công!
16:24:27 [INFO] [W-4] 2. Chờ email kích hoạt từ Hotmail (forward từ Gmail)...
16:24:27 [INFO] [W-4]   Hotmail: randerson2144fos@hotmail.com | Baseline date: 16:23 - 03/05/2026 (49 urls)
16:24:27 [INFO] [W-5]   [9s/21s] Poll longalbert4044xh@hotmail.com...
16:24:27 [INFO] [W-1]   Chưa có email mới (API: 10 msgs), chờ tiếp...
16:24:28 [INFO] [W-5]   Có 1 email mới, tìm link xác nhận...
16:24:28 [INFO] [W-3] [v] Link kích hoạt: https://baseapi.elle.vn/auth/email-confirmation?confirmation=e0f5e76729c1f9bdce654b0dc9bc45216d8222d4
16:24:28 [INFO] [W-3] 3. Kích hoạt tài khoản...
16:24:30 [INFO] [W-6]   [9s/21s] Poll ashleycooper9194aleo@hotmail.com...
16:24:30 [INFO] [W-5] [v] Link kích hoạt: https://baseapi.elle.vn/auth/email-confirmation?confirmation=98bd0b5926736b45ac22a11220b3534818b5b370
16:24:30 [INFO] [W-5] 3. Kích hoạt tài khoản...
16:24:30 [INFO] [W-4]   [3s/21s] Poll randerson2144fos@hotmail.com...
16:24:30 [INFO] [W-3] [v] Kích hoạt thành công!
16:24:30 [INFO] [W-1]   [6s/21s] Poll jgramirez9604ls@hotmail.com...
16:24:31 [INFO] [W-6]   Chưa có email mới (API: 10 msgs), chờ tiếp...
16:24:31 [INFO] [W-4]   Chưa có email mới (API: 10 msgs), chờ tiếp...
16:24:31 [INFO] [W-3] 4. Đăng nhập k.o.ngminhk.in.h0+237@gmail.com...
16:24:32 [INFO] [W-1]   Chưa có email mới (API: 10 msgs), chờ tiếp...
16:24:32 [INFO] [W-5] [v] Kích hoạt thành công!
16:24:33 [INFO] [W-3] [v] Đăng nhập thành công! vote_sid: e3a884b6-f18e-41...
16:24:33 [INFO] [W-3] [v] Lấy SID thành công (Bỏ qua Vote)!
16:24:33 [INFO] [W-5] 4. Đăng nhập trie.usa.ml.ivn2+237@gmail.com...
16:24:33 [INFO] [W-3] [v] Đã lưu tài khoản lên Supabase!
16:24:33 [INFO] [W-3] Chờ token cho [Đăng Ký]...
16:24:33 [INFO] [W-3] Chờ token cho [Đăng Nhập]...
16:24:34 [INFO] [W-3] [v] Có token cho [Đăng Nhập]!
16:24:34 [INFO] [W-6]   [12s/21s] Poll ashleycooper9194aleo@hotmail.com...
16:24:34 [INFO] [W-5] [v] Đăng nhập thành công! vote_sid: 0b147fe2-5c64-4e...
16:24:34 [INFO] [W-5] [v] Lấy SID thành công (Bỏ qua Vote)!
16:24:34 [INFO] [W-5] [v] Đã lưu tài khoản lên Supabase!
16:24:34 [INFO] [W-5] Chờ token cho [Đăng Ký]...
16:24:34 [INFO] [W-5] Chờ token cho [Đăng Nhập]...
16:24:34 [INFO] [W-4]   [6s/21s] Poll randerson2144fos@hotmail.com...
16:24:35 [INFO] [W-1]   [9s/21s] Poll jgramirez9604ls@hotmail.com...
16:24:35 [INFO] [W-5] [v] Có token cho [Đăng Nhập]!
16:24:35 [INFO] [W-5] [v] Có token cho [Đăng Ký]!
16:24:35 [INFO] [W-5] 📧 Email: trieu.s.am.li.vn2+183@gmail.com → Hotmail: longalbert4044xh@hotmail.com
16:24:35 [INFO] [W-5] 0. Lấy baseline Hotmail...
16:24:35 [INFO] [W-6]   Có 1 email mới, tìm link xác nhận...
16:24:35 [INFO] [W-4]   Chưa có email mới (API: 10 msgs), chờ tiếp...
16:24:36 [INFO] [W-1]   Có 1 email mới, tìm link xác nhận...
16:24:36 [INFO] [W-5] 1. Đăng ký với trieu.s.am.li.vn2+183@gmail.com
16:24:37 [INFO] [W-6] [v] Link kích hoạt: https://baseapi.elle.vn/auth/email-confirmation?confirmation=ef56d273e9595bc33079f7452b4e8818d939d3ae
16:24:37 [INFO] [W-6] 3. Kích hoạt tài khoản...
16:24:38 [INFO] [W-2] [v] Có token cho [Đăng Nhập]!
16:24:38 [INFO] [W-2] 📧 Email: trieu.sam.livn.3+32@gmail.com → Hotmail: kturner1396hhcg@hotmail.com
16:24:38 [INFO] [W-2] 0. Lấy baseline Hotmail...
16:24:38 [INFO] [W-1] [v] Link kích hoạt: https://baseapi.elle.vn/auth/email-confirmation?confirmation=974f8978f81a02f53a73de788ad9a8d05d43b60a
16:24:38 [INFO] [W-1] 3. Kích hoạt tài khoản...
16:24:38 [DEBUG] [W-5] POST /register → 200 | resp=0:["$@1",["8XKd3MQ3ywFpgbVSwJZUc",null]]
1:{"error":"","success":"Tài khoản đã được tạo. Nếu hệ thống yêu cầu xác nhận email, vui lòng kiểm tra hộp thư trước khi đăng nhập."}

16:24:38 [INFO] [W-5] [v] Đăng ký thành công!
16:24:38 [INFO] [W-5] 2. Chờ email kích hoạt từ Hotmail (forward từ Gmail)...
16:24:38 [INFO] [W-5]   Hotmail: longalbert4044xh@hotmail.com | Baseline date: 16:24 - 03/05/2026 (49 urls)
16:24:39 [INFO] [W-2] 1. Đăng ký với trieu.sam.livn.3+32@gmail.com
16:24:39 [INFO] [W-6] [v] Kích hoạt thành công!
16:24:39 [INFO] [W-4]   [9s/21s] Poll randerson2144fos@hotmail.com...
16:24:40 [INFO] [W-1] [v] Kích hoạt thành công!
16:24:40 [INFO] [W-6] 4. Đăng nhập trieutran8.27261+673@gmail.com...
16:24:40 [INFO] [W-4]   Có 1 email mới, tìm link xác nhận...
16:24:41 [INFO] [W-1] 4. Đăng nhập t.rieusa.mli.v.n+832@gmail.com...
16:24:41 [INFO] [W-3] [v] Có token cho [Đăng Ký]!
16:24:41 [INFO] [W-3] 📧 Email: kongmin.hki.nh0+238@gmail.com → Hotmail: obmurphy8433qaty@hotmail.com
16:24:41 [INFO] [W-3] 0. Lấy baseline Hotmail...
16:24:41 [DEBUG] [W-2] POST /register → 200 | resp=0:["$@1",["8XKd3MQ3ywFpgbVSwJZUc",null]]
1:{"error":"","success":"Tài khoản đã được tạo. Nếu hệ thống yêu cầu xác nhận email, vui lòng kiểm tra hộp thư trước khi đăng nhập."}

16:24:41 [INFO] [W-2] [v] Đăng ký thành công!
16:24:41 [INFO] [W-2] 2. Chờ email kích hoạt từ Hotmail (forward từ Gmail)...
16:24:41 [INFO] [W-2]   Hotmail: kturner1396hhcg@hotmail.com | Baseline date: 16:23 - 03/05/2026 (70 urls)
16:24:41 [INFO] [W-6] [v] Đăng nhập thành công! vote_sid: 796f403e-7ada-4e...
16:24:41 [INFO] [W-6] [v] Lấy SID thành công (Bỏ qua Vote)!
16:24:42 [INFO] [W-5]   [3s/21s] Poll longalbert4044xh@hotmail.com...
16:24:42 [INFO] [W-6] [v] Đã lưu tài khoản lên Supabase!
16:24:42 [INFO] [W-6] Chờ token cho [Đăng Ký]...
16:24:42 [INFO] [W-6] Chờ token cho [Đăng Nhập]...
16:24:42 [INFO] [W-3] 1. Đăng ký với kongmin.hki.nh0+238@gmail.com
16:24:42 [INFO] [W-1] [v] Đăng nhập thành công! vote_sid: 1456259b-5f09-4f...
16:24:42 [INFO] [W-1] [v] Lấy SID thành công (Bỏ qua Vote)!
16:24:43 [INFO] [W-5]   Chưa có email mới (API: 10 msgs), chờ tiếp...
16:24:43 [INFO] [W-1] [v] Đã lưu tài khoản lên Supabase!
16:24:43 [INFO] [W-1] Chờ token cho [Đăng Ký]...
16:24:43 [INFO] [W-1] Chờ token cho [Đăng Nhập]...
16:24:43 [INFO] [W-4] [v] Link kích hoạt: https://baseapi.elle.vn/auth/email-confirmation?confirmation=c94d471cdbaad346aaad651bf014d8a777249afe
16:24:43 [INFO] [W-4] 3. Kích hoạt tài khoản...
16:24:44 [DEBUG] [W-3] POST /register → 200 | resp=0:["$@1",["8XKd3MQ3ywFpgbVSwJZUc",null]]
1:{"error":"","success":"Tài khoản đã được tạo. Nếu hệ thống yêu cầu xác nhận email, vui lòng kiểm tra hộp thư trước khi đăng nhập."}

16:24:44 [INFO] [W-3] [v] Đăng ký thành công!
16:24:44 [INFO] [W-3] 2. Chờ email kích hoạt từ Hotmail (forward từ Gmail)...
16:24:44 [INFO] [W-3]   Hotmail: obmurphy8433qaty@hotmail.com | Baseline date: 16:24 - 03/05/2026 (70 urls)
16:24:44 [INFO] [W-2]   [3s/21s] Poll kturner1396hhcg@hotmail.com...
16:24:44 [INFO] [W-4] [v] Kích hoạt thành công!
16:24:45 [INFO] [W-2]   Chưa có email mới (API: 10 msgs), chờ tiếp...
16:24:45 [INFO] [W-4] 4. Đăng nhập ch.aub.a.ybe2.k+934@gmail.com...
16:24:46 [INFO] [W-5]   [6s/21s] Poll longalbert4044xh@hotmail.com...
16:24:47 [INFO] [W-5]   Có 1 email mới, tìm link xác nhận...
16:24:47 [INFO] [W-4] [v] Đăng nhập thành công! vote_sid: f547fc08-e05e-48...
16:24:47 [INFO] [W-4] [v] Lấy SID thành công (Bỏ qua Vote)!
16:24:47 [INFO] [W-4] [v] Đã lưu tài khoản lên Supabase!
16:24:47 [INFO] [W-4] Chờ token cho [Đăng Ký]...
16:24:47 [INFO] [W-4] Chờ token cho [Đăng Nhập]...
16:24:47 [INFO] [W-3]   [3s/21s] Poll obmurphy8433qaty@hotmail.com...
16:24:48 [INFO] [W-2]   [6s/21s] Poll kturner1396hhcg@hotmail.com...
16:24:48 [INFO] [W-3]   Chưa có email mới (API: 10 msgs), chờ tiếp...
16:24:48 [INFO] [W-5] [v] Link kích hoạt: https://baseapi.elle.vn/auth/email-confirmation?confirmation=f1f28706c1f13d060777df6bdeaebbfe28584e1a
16:24:48 [INFO] [W-5] 3. Kích hoạt tài khoản...
16:24:49 [INFO] [W-2]   Chưa có email mới (API: 10 msgs), chờ tiếp...
16:24:50 [INFO] [W-5] [v] Kích hoạt thành công!
16:24:51 [INFO] [W-5] 4. Đăng nhập trieu.s.am.li.vn2+183@gmail.com...
16:24:52 [INFO] [W-3]   [6s/21s] Poll obmurphy8433qaty@hotmail.com...
16:24:52 [INFO] [W-6] [v] Có token cho [Đăng Ký]!
16:24:53 [INFO] [W-2]   [9s/21s] Poll kturner1396hhcg@hotmail.com...
16:24:53 [INFO] [W-5] [v] Đăng nhập thành công! vote_sid: 156e86b3-a5ad-46...
16:24:53 [INFO] [W-5] [v] Lấy SID thành công (Bỏ qua Vote)!
16:24:53 [INFO] [W-3]   Có 1 email mới, tìm link xác nhận...
16:24:53 [INFO] [W-5] [v] Đã lưu tài khoản lên Supabase!
16:24:53 [INFO] [W-5] Chờ token cho [Đăng Ký]...
16:24:53 [INFO] [W-5] Chờ token cho [Đăng Nhập]...
16:24:53 [INFO] [W-2]   Có 1 email mới, tìm link xác nhận...
16:24:54 [INFO] [W-3] [v] Link kích hoạt: https://baseapi.elle.vn/auth/email-confirmation?confirmation=a2b859da0b801c457b33dd4597878faf1203b684
16:24:54 [INFO] [W-3] 3. Kích hoạt tài khoản...
16:24:55 [INFO] [W-2] [v] Link kích hoạt: https://baseapi.elle.vn/auth/email-confirmation?confirmation=6b83648dc037acd395a42edf5006e7800ed970d8
16:24:55 [INFO] [W-2] 3. Kích hoạt tài khoản...
16:24:56 [INFO] [W-3] [v] Kích hoạt thành công!
16:24:57 [INFO] [W-5] [v] Có token cho [Đăng Ký]!
16:24:57 [INFO] [W-1] [v] Có token cho [Đăng Ký]!
16:24:57 [INFO] [W-3] 4. Đăng nhập kongmin.hki.nh0+238@gmail.com...
16:24:57 [INFO] [W-2] [v] Kích hoạt thành công!
16:24:58 [INFO] [W-2] 4. Đăng nhập trieu.sam.livn.3+32@gmail.com...
16:24:59 [INFO] [W-3] [v] Đăng nhập thành công! vote_sid: ee275fcf-cdcb-42...
16:24:59 [INFO] [W-3] [v] Lấy SID thành công (Bỏ qua Vote)!
16:25:00 [INFO] [W-6] [v] Có token cho [Đăng Nhập]!
16:25:00 [INFO] [W-6] 📧 Email: trieutran.82.72.6.1+595@gmail.com → Hotmail: ashleycooper9194aleo@hotmail.com
16:25:00 [INFO] [W-6] 0. Lấy baseline Hotmail...
16:25:00 [INFO] [W-3] [v] Đã lưu tài khoản lên Supabase!
16:25:00 [INFO] [W-3] Chờ token cho [Đăng Ký]...
16:25:00 [INFO] [W-3] Chờ token cho [Đăng Nhập]...
16:25:00 [INFO] [W-2] [v] Đăng nhập thành công! vote_sid: 18c3b5bd-4479-46...
16:25:00 [INFO] [W-2] [v] Lấy SID thành công (Bỏ qua Vote)!
16:25:00 [INFO] [W-2] [v] Đã lưu tài khoản lên Supabase!
16:25:00 [INFO] [W-2] Chờ token cho [Đăng Ký]...
16:25:00 [INFO] [W-2] Chờ token cho [Đăng Nhập]...
16:25:01 [INFO] [W-6] 1. Đăng ký với trieutran.82.72.6.1+595@gmail.com
16:25:03 [DEBUG] [W-6] POST /register → 200 | resp=0:["$@1",["8XKd3MQ3ywFpgbVSwJZUc",null]]
1:{"error":"","success":"Tài khoản đã được tạo. Nếu hệ thống yêu cầu xác nhận email, vui lòng kiểm tra hộp thư trước khi đăng nhập."}

16:25:03 [INFO] [W-6] [v] Đăng ký thành công!
16:25:03 [INFO] [W-6] 2. Chờ email kích hoạt từ Hotmail (forward từ Gmail)...
16:25:03 [INFO] [W-6]   Hotmail: ashleycooper9194aleo@hotmail.com | Baseline date: 16:24 - 03/05/2026 (70 urls)
16:25:04 [INFO] [W-3] [v] Có token cho [Đăng Nhập]!
16:25:06 [INFO] [W-6]   [3s/21s] Poll ashleycooper9194aleo@hotmail.com...
16:25:06 [INFO] [W-7] [v] Có token cho [Đăng Ký]!
16:25:08 [INFO] [W-6]   Chưa có email mới (API: 10 msgs), chờ tiếp...
16:25:08 [INFO] [W-4] [v] Có token cho [Đăng Ký]!
16:25:11 [INFO] [W-3] [v] Có token cho [Đăng Ký]!
16:25:11 [INFO] [W-3] 📧 Email: k.ongm.inhk.inh0+438@gmail.com → Hotmail: obmurphy8433qaty@hotmail.com
16:25:11 [INFO] [W-3] 0. Lấy baseline Hotmail...
16:25:11 [INFO] [W-6]   [6s/21s] Poll ashleycooper9194aleo@hotmail.com...
16:25:12 [INFO] [W-2] [v] Có token cho [Đăng Nhập]!
16:25:12 [INFO] [W-3] 1. Đăng ký với k.ongm.inhk.inh0+438@gmail.com
16:25:12 [INFO] [W-6]   Có 1 email mới, tìm link xác nhận...
16:25:13 [INFO] [W-6] [v] Link kích hoạt: https://baseapi.elle.vn/auth/email-confirmation?confirmation=91e958726c1d16d82d4b2ed82bdfcefdae2570b8
16:25:13 [INFO] [W-6] 3. Kích hoạt tài khoản...
16:25:14 [DEBUG] [W-3] POST /register → 200 | resp=0:["$@1",["8XKd3MQ3ywFpgbVSwJZUc",null]]
1:{"error":"","success":"Tài khoản đã được tạo. Nếu hệ thống yêu cầu xác nhận email, vui lòng kiểm tra hộp thư trước khi đăng nhập."}

16:25:14 [INFO] [W-3] [v] Đăng ký thành công!
16:25:14 [INFO] [W-3] 2. Chờ email kích hoạt từ Hotmail (forward từ Gmail)...
16:25:14 [INFO] [W-3]   Hotmail: obmurphy8433qaty@hotmail.com | Baseline date: 16:24 - 03/05/2026 (70 urls)
16:25:15 [INFO] [W-1] [v] Có token cho [Đăng Nhập]!
16:25:15 [INFO] [W-1] 📧 Email: tr.i.eus.am.livn+473@gmail.com → Hotmail: jgramirez9604ls@hotmail.com
16:25:15 [INFO] [W-1] 0. Lấy baseline Hotmail...
16:25:15 [INFO] [W-6] [v] Kích hoạt thành công!
16:25:16 [INFO] [W-4] [v] Có token cho [Đăng Nhập]!
16:25:16 [INFO] [W-4] 📧 Email: c.h.aubaybe2k+496@gmail.com → Hotmail: randerson2144fos@hotmail.com
16:25:16 [INFO] [W-4] 0. Lấy baseline Hotmail...
16:25:16 [INFO] [W-1] 1. Đăng ký với tr.i.eus.am.livn+473@gmail.com
16:25:16 [INFO] [W-6] 4. Đăng nhập trieutran.82.72.6.1+595@gmail.com...
16:25:16 [ERROR] [W-6] [-] Không lấy được cookie login (200)
16:25:16 [INFO] [W-6] Chờ token cho [Đăng Ký]...
16:25:16 [INFO] [W-6] Chờ token cho [Đăng Nhập]...
16:25:17 [INFO] [W-6] [v] Có token cho [Đăng Nhập]!
16:25:17 [INFO] [W-4] 1. Đăng ký với c.h.aubaybe2k+496@gmail.com
16:25:17 [INFO] [W-3]   [3s/21s] Poll obmurphy8433qaty@hotmail.com...
16:25:19 [INFO] [W-3]   Chưa có email mới (API: 10 msgs), chờ tiếp...
16:25:19 [DEBUG] [W-1] POST /register → 200 | resp=0:["$@1",["8XKd3MQ3ywFpgbVSwJZUc",null]]
1:{"error":"","success":"Tài khoản đã được tạo. Nếu hệ thống yêu cầu xác nhận email, vui lòng kiểm tra hộp thư trước khi đăng nhập."}

16:25:19 [INFO] [W-1] [v] Đăng ký thành công!
16:25:19 [INFO] [W-1] 2. Chờ email kích hoạt từ Hotmail (forward từ Gmail)...
16:25:19 [INFO] [W-1]   Hotmail: jgramirez9604ls@hotmail.com | Baseline date: 16:24 - 03/05/2026 (49 urls)
16:25:20 [DEBUG] [W-4] POST /register → 200 | resp=0:["$@1",["8XKd3MQ3ywFpgbVSwJZUc",null]]
1:{"error":"","success":"Tài khoản đã được tạo. Nếu hệ thống yêu cầu xác nhận email, vui lòng kiểm tra hộp thư trước khi đăng nhập."}

16:25:20 [INFO] [W-4] [v] Đăng ký thành công!
16:25:20 [INFO] [W-4] 2. Chờ email kích hoạt từ Hotmail (forward từ Gmail)...
16:25:20 [INFO] [W-4]   Hotmail: randerson2144fos@hotmail.com | Baseline date: 16:24 - 03/05/2026 (49 urls)
16:25:22 [INFO] [W-3]   [6s/21s] Poll obmurphy8433qaty@hotmail.com...
16:25:22 [INFO] [W-5] [v] Có token cho [Đăng Nhập]!
16:25:22 [INFO] [W-5] 📧 Email: trieusa.mli.vn.2+508@gmail.com → Hotmail: longalbert4044xh@hotmail.com
16:25:22 [INFO] [W-5] 0. Lấy baseline Hotmail...
16:25:22 [INFO] [W-1]   [3s/21s] Poll jgramirez9604ls@hotmail.com...
16:25:23 [INFO] [W-3]   Có 1 email mới, tìm link xác nhận...
16:25:23 [INFO] [W-4]   [3s/21s] Poll randerson2144fos@hotmail.com...
16:25:23 [INFO] [W-5] 1. Đăng ký với trieusa.mli.vn.2+508@gmail.com
16:25:23 [INFO] [W-1]   Chưa có email mới (API: 10 msgs), chờ tiếp...
16:25:24 [INFO] [W-7] [v] Có token cho [Đăng Nhập]!
16:25:24 [INFO] [W-7] 📧 Email: trieutran028.18.1+579@gmail.com → Hotmail: bakeralbert9147oz@hotmail.com
16:25:24 [INFO] [W-7] 0. Lấy baseline Hotmail...
16:25:24 [INFO] [W-6] [v] Có token cho [Đăng Ký]!
16:25:24 [INFO] [W-6] 📧 Email: t.r.i.eutran827261+444@gmail.com → Hotmail: ashleycooper9194aleo@hotmail.com
16:25:24 [INFO] [W-6] 0. Lấy baseline Hotmail...
16:25:24 [INFO] [W-4]   Chưa có email mới (API: 10 msgs), chờ tiếp...
16:25:24 [INFO] [W-7] 1. Đăng ký với trieutran028.18.1+579@gmail.com
16:25:25 [INFO] [W-3] [v] Link kích hoạt: https://baseapi.elle.vn/auth/email-confirmation?confirmation=c79dddb7a1c99f8569135ae3dfa43810ae02339c
16:25:25 [INFO] [W-3] 3. Kích hoạt tài khoản...
16:25:25 [INFO] [W-6] 1. Đăng ký với t.r.i.eutran827261+444@gmail.com
16:25:26 [DEBUG] [W-5] POST /register → 200 | resp=0:["$@1",["8XKd3MQ3ywFpgbVSwJZUc",null]]
1:{"error":"","success":"Tài khoản đã được tạo. Nếu hệ thống yêu cầu xác nhận email, vui lòng kiểm tra hộp thư trước khi đăng nhập."}

16:25:26 [INFO] [W-5] [v] Đăng ký thành công!
16:25:26 [INFO] [W-5] 2. Chờ email kích hoạt từ Hotmail (forward từ Gmail)...
16:25:26 [INFO] [W-5]   Hotmail: longalbert4044xh@hotmail.com | Baseline date: 16:24 - 03/05/2026 (49 urls)
16:25:26 [INFO] [W-3] [v] Kích hoạt thành công!
16:25:26 [INFO] [W-1]   [6s/21s] Poll jgramirez9604ls@hotmail.com...
16:25:27 [INFO] [W-4]   [6s/21s] Poll randerson2144fos@hotmail.com...
16:25:27 [DEBUG] [W-7] POST /register → 200 | resp=0:["$@1",["8XKd3MQ3ywFpgbVSwJZUc",null]]
1:{"error":"","success":"Tài khoản đã được tạo. Nếu hệ thống yêu cầu xác nhận email, vui lòng kiểm tra hộp thư trước khi đăng nhập."}

16:25:27 [INFO] [W-7] [v] Đăng ký thành công!
16:25:27 [INFO] [W-7] 2. Chờ email kích hoạt từ Hotmail (forward từ Gmail)...
16:25:27 [INFO] [W-7]   Hotmail: bakeralbert9147oz@hotmail.com | Baseline date: 16:23 - 03/05/2026 (70 urls)
16:25:27 [INFO] [W-1]   Có 1 email mới, tìm link xác nhận...
16:25:28 [INFO] [W-3] 4. Đăng nhập k.ongm.inhk.inh0+438@gmail.com...
16:25:28 [DEBUG] [W-6] POST /register → 200 | resp=0:["$@1",["8XKd3MQ3ywFpgbVSwJZUc",null]]
1:{"error":"","success":"Tài khoản đã được tạo. Nếu hệ thống yêu cầu xác nhận email, vui lòng kiểm tra hộp thư trước khi đăng nhập."}

16:25:28 [INFO] [W-6] [v] Đăng ký thành công!
16:25:28 [INFO] [W-6] 2. Chờ email kích hoạt từ Hotmail (forward từ Gmail)...
16:25:28 [INFO] [W-6]   Hotmail: ashleycooper9194aleo@hotmail.com | Baseline date: 16:24 - 03/05/2026 (70 urls)
16:25:28 [INFO] [W-4]   Có 1 email mới, tìm link xác nhận...
16:25:29 [INFO] [W-3] [v] Đăng nhập thành công! vote_sid: de1f06ae-6ad8-4d...
16:25:29 [INFO] [W-3] [v] Lấy SID thành công (Bỏ qua Vote)!
16:25:29 [INFO] [W-3] [v] Đã lưu tài khoản lên Supabase!
16:25:29 [INFO] [W-3] Chờ token cho [Đăng Ký]...
16:25:29 [INFO] [W-3] Chờ token cho [Đăng Nhập]...
16:25:29 [INFO] [W-5]   [3s/21s] Poll longalbert4044xh@hotmail.com...
16:25:29 [INFO] [W-2] [v] Có token cho [Đăng Ký]!
16:25:29 [INFO] [W-2] 📧 Email: tr.ieusam.l.ivn3+618@gmail.com → Hotmail: kturner1396hhcg@hotmail.com
16:25:29 [INFO] [W-2] 0. Lấy baseline Hotmail...
16:25:30 [INFO] [W-1] [v] Link kích hoạt: https://baseapi.elle.vn/auth/email-confirmation?confirmation=8ddfc9b61a30ca4b73367f5e602bd3c7e3968dd8
16:25:30 [INFO] [W-1] 3. Kích hoạt tài khoản...
16:25:30 [INFO] [W-5]   Chưa có email mới (API: 10 msgs), chờ tiếp...
16:25:30 [INFO] [W-2] 1. Đăng ký với tr.ieusam.l.ivn3+618@gmail.com
16:25:30 [DEBUG] [W-2] POST /register → 200 | resp=0:["$@1",["8XKd3MQ3ywFpgbVSwJZUc",null]]
1:{"error":"Xác minh bảo mật không thành công. Vui lòng tải lại trang để làm mới CAPTCHA rồi thử lại.","success":""}

16:25:30 [INFO] [W-2] [!] CAPTCHA expired, retry...
16:25:30 [INFO] [W-2] 1. Retry đăng ký lần 2 — lấy token mới...
16:25:30 [INFO] [W-2] Chờ token cho [Đăng Ký]...
16:25:30 [INFO] [W-7]   [3s/21s] Poll bakeralbert9147oz@hotmail.com...
16:25:31 [INFO] [W-2] [v] Có token cho [Đăng Ký]!
16:25:31 [DEBUG] [W-2] POST /register → 200 | resp=0:["$@1",["8XKd3MQ3ywFpgbVSwJZUc",null]]
1:{"error":"Xác minh bảo mật không thành công. Vui lòng tải lại trang để làm mới CAPTCHA rồi thử lại.","success":""}

16:25:31 [INFO] [W-2] [!] CAPTCHA expired, retry...
16:25:31 [INFO] [W-2] 1. Retry đăng ký lần 3 — lấy token mới...
16:25:31 [INFO] [W-2] Chờ token cho [Đăng Ký]...
16:25:31 [INFO] [W-6]   [3s/21s] Poll ashleycooper9194aleo@hotmail.com...
16:25:31 [INFO] [W-4] [v] Link kích hoạt: https://baseapi.elle.vn/auth/email-confirmation?confirmation=b0bf46741e0c616c1a9d62e9e70a55bdfe5f8f60
16:25:31 [INFO] [W-4] 3. Kích hoạt tài khoản...
16:25:31 [INFO] [W-7]   Chưa có email mới (API: 10 msgs), chờ tiếp...
16:25:31 [INFO] [W-1] [v] Kích hoạt thành công!
16:25:32 [INFO] [W-6]   Chưa có email mới (API: 10 msgs), chờ tiếp...
16:25:32 [INFO] [W-1] 4. Đăng nhập tr.i.eus.am.livn+473@gmail.com...
16:25:33 [ERROR] [W-1] [-] Không lấy được cookie login (200)
16:25:33 [INFO] [W-1] Chờ token cho [Đăng Ký]...
16:25:33 [INFO] [W-1] Chờ token cho [Đăng Nhập]...
16:25:33 [INFO] [W-4] [v] Kích hoạt thành công!
16:25:33 [INFO] [W-5]   [6s/21s] Poll longalbert4044xh@hotmail.com...
16:25:34 [INFO] [W-4] 4. Đăng nhập c.h.aubaybe2k+496@gmail.com...
16:25:34 [ERROR] [W-4] [-] Không lấy được cookie login (200)
16:25:34 [INFO] [W-4] Chờ token cho [Đăng Ký]...
16:25:34 [INFO] [W-4] Chờ token cho [Đăng Nhập]...
16:25:35 [INFO] [W-7]   [6s/21s] Poll bakeralbert9147oz@hotmail.com...
16:25:35 [INFO] [W-5]   Có 1 email mới, tìm link xác nhận...
16:25:35 [INFO] [W-6]   [6s/21s] Poll ashleycooper9194aleo@hotmail.com...
16:25:35 [INFO] [W-7]   Có 1 email mới, tìm link xác nhận...
16:25:36 [INFO] [W-6]   Có 1 email mới, tìm link xác nhận...
16:25:37 [INFO] [W-5] [v] Link kích hoạt: https://baseapi.elle.vn/auth/email-confirmation?confirmation=5f4f43e5e159b08363ec50223890b224485e0cab
16:25:37 [INFO] [W-5] 3. Kích hoạt tài khoản...
16:25:37 [INFO] [W-7] [v] Link kích hoạt: https://baseapi.elle.vn/auth/email-confirmation?confirmation=6f526bf351f8a570da0d7f0db8369811e66361f8
16:25:37 [INFO] [W-7] 3. Kích hoạt tài khoản...
16:25:38 [INFO] [W-6] [v] Link kích hoạt: https://baseapi.elle.vn/auth/email-confirmation?confirmation=a4629416600708dcb21761308550bcbd92f904e5
16:25:38 [INFO] [W-6] 3. Kích hoạt tài khoản...
16:25:38 [INFO] [W-5] [v] Kích hoạt thành công!
16:25:39 [INFO] [W-7] [v] Kích hoạt thành công!
16:25:39 [INFO] [W-6] [v] Kích hoạt thành công!
16:25:39 [INFO] [W-5] 4. Đăng nhập trieusa.mli.vn.2+508@gmail.com...
